<?xml version="1.0" encoding="UTF-8"?>
<coverage generated="1764331545446" clover="3.2.0">
  <project timestamp="1764331545447" name="All files">
    <metrics statements="109" coveredstatements="30" conditionals="52" coveredconditionals="8" methods="12" coveredmethods="2" elements="173" coveredelements="40" complexity="0" loc="109" ncloc="109" packages="1" files="3" classes="3"/>
    <file name="commentController.js" path="C:\Users\m\mern-note-app\backend\server\controllers\commentController.js">
      <metrics statements="34" coveredstatements="7" conditionals="10" coveredconditionals="0" methods="4" coveredmethods="0"/>
      <line num="1" count="5" type="stmt"/>
      <line num="2" count="5" type="stmt"/>
      <line num="7" count="5" type="stmt"/>
      <line num="9" count="0" type="stmt"/>
      <line num="13" count="0" type="stmt"/>
      <line num="19" count="5" type="stmt"/>
      <line num="20" count="0" type="stmt"/>
      <line num="22" count="0" type="cond" truecount="0" falsecount="2"/>
      <line num="23" count="0" type="stmt"/>
      <line num="24" count="0" type="stmt"/>
      <line num="27" count="0" type="stmt"/>
      <line num="34" count="0" type="stmt"/>
      <line num="36" count="0" type="stmt"/>
      <line num="42" count="5" type="stmt"/>
      <line num="43" count="0" type="stmt"/>
      <line num="45" count="0" type="cond" truecount="0" falsecount="2"/>
      <line num="46" count="0" type="stmt"/>
      <line num="47" count="0" type="stmt"/>
      <line num="51" count="0" type="cond" truecount="0" falsecount="2"/>
      <line num="52" count="0" type="stmt"/>
      <line num="53" count="0" type="stmt"/>
      <line num="56" count="0" type="stmt"/>
      <line num="62" count="0" type="stmt"/>
      <line num="68" count="5" type="stmt"/>
      <line num="69" count="0" type="stmt"/>
      <line num="71" count="0" type="cond" truecount="0" falsecount="2"/>
      <line num="72" count="0" type="stmt"/>
      <line num="73" count="0" type="stmt"/>
      <line num="77" count="0" type="cond" truecount="0" falsecount="2"/>
      <line num="78" count="0" type="stmt"/>
      <line num="79" count="0" type="stmt"/>
      <line num="82" count="0" type="stmt"/>
      <line num="84" count="0" type="stmt"/>
      <line num="87" count="5" type="stmt"/>
    </file>
    <file name="recipeController.js" path="C:\Users\m\mern-note-app\backend\server\controllers\recipeController.js">
      <metrics statements="45" coveredstatements="8" conditionals="25" coveredconditionals="0" methods="5" coveredmethods="0"/>
      <line num="3" count="5" type="stmt"/>
      <line num="4" count="5" type="stmt"/>
      <line num="7" count="5" type="stmt"/>
      <line num="8" count="0" type="cond" truecount="0" falsecount="5"/>
      <line num="10" count="0" type="stmt"/>
      <line num="12" count="0" type="stmt"/>
      <line num="14" count="0" type="stmt"/>
      <line num="17" count="0" type="stmt"/>
      <line num="24" count="5" type="stmt"/>
      <line num="27" count="0" type="stmt"/>
      <line num="31" count="0" type="cond" truecount="0" falsecount="4"/>
      <line num="32" count="0" type="stmt"/>
      <line num="36" count="0" type="cond" truecount="0" falsecount="2"/>
      <line num="38" count="0" type="stmt"/>
      <line num="42" count="0" type="stmt"/>
      <line num="45" count="0" type="stmt"/>
      <line num="47" count="0" type="stmt"/>
      <line num="53" count="5" type="stmt"/>
      <line num="54" count="0" type="stmt"/>
      <line num="56" count="0" type="cond" truecount="0" falsecount="6"/>
      <line num="57" count="0" type="stmt"/>
      <line num="58" count="0" type="stmt"/>
      <line num="61" count="0" type="stmt"/>
      <line num="69" count="0" type="stmt"/>
      <line num="75" count="5" type="stmt"/>
      <line num="76" count="0" type="stmt"/>
      <line num="78" count="0" type="cond" truecount="0" falsecount="2"/>
      <line num="79" count="0" type="stmt"/>
      <line num="80" count="0" type="stmt"/>
      <line num="84" count="0" type="cond" truecount="0" falsecount="2"/>
      <line num="85" count="0" type="stmt"/>
      <line num="86" count="0" type="stmt"/>
      <line num="90" count="0" type="stmt"/>
      <line num="99" count="0" type="stmt"/>
      <line num="105" count="5" type="stmt"/>
      <line num="106" count="0" type="stmt"/>
      <line num="108" count="0" type="cond" truecount="0" falsecount="2"/>
      <line num="109" count="0" type="stmt"/>
      <line num="110" count="0" type="stmt"/>
      <line num="114" count="0" type="cond" truecount="0" falsecount="2"/>
      <line num="115" count="0" type="stmt"/>
      <line num="116" count="0" type="stmt"/>
      <line num="120" count="0" type="stmt"/>
      <line num="122" count="0" type="stmt"/>
      <line num="125" count="5" type="stmt"/>
    </file>
    <file name="userController.js" path="C:\Users\m\mern-note-app\backend\server\controllers\userController.js">
      <metrics statements="30" coveredstatements="15" conditionals="17" coveredconditionals="8" methods="3" coveredmethods="2"/>
      <line num="3" count="5" type="stmt"/>
      <line num="4" count="5" type="stmt"/>
      <line num="5" count="5" type="stmt"/>
      <line num="8" count="5" type="stmt"/>
      <line num="10" count="0" type="stmt"/>
      <line num="18" count="5" type="stmt"/>
      <line num="19" count="5" type="stmt"/>
      <line num="22" count="5" type="cond" truecount="5" falsecount="0"/>
      <line num="23" count="1" type="stmt"/>
      <line num="24" count="1" type="stmt"/>
      <line num="28" count="4" type="stmt"/>
      <line num="29" count="0" type="cond" truecount="0" falsecount="2"/>
      <line num="30" count="0" type="stmt"/>
      <line num="31" count="0" type="stmt"/>
      <line num="35" count="0" type="stmt"/>
      <line num="41" count="0" type="cond" truecount="0" falsecount="2"/>
      <line num="43" count="0" type="stmt"/>
      <line num="50" count="0" type="stmt"/>
      <line num="51" count="0" type="stmt"/>
      <line num="59" count="5" type="stmt"/>
      <line num="60" count="2" type="stmt"/>
      <line num="63" count="2" type="cond" truecount="3" falsecount="1"/>
      <line num="64" count="0" type="stmt"/>
      <line num="65" count="0" type="stmt"/>
      <line num="69" count="2" type="stmt"/>
      <line num="72" count="0" type="cond" truecount="0" falsecount="4"/>
      <line num="73" count="0" type="stmt"/>
      <line num="80" count="0" type="stmt"/>
      <line num="81" count="0" type="stmt"/>
      <line num="86" count="5" type="stmt"/>
    </file>
  </project>
</coverage>
