TN:
SF:server\controllers\commentController.js
FN:7,(anonymous_0)
FN:19,(anonymous_1)
FN:42,(anonymous_2)
FN:68,(anonymous_3)
FNF:4
FNH:0
FNDA:0,(anonymous_0)
FNDA:0,(anonymous_1)
FNDA:0,(anonymous_2)
FNDA:0,(anonymous_3)
DA:1,5
DA:2,5
DA:7,5
DA:9,0
DA:13,0
DA:19,5
DA:20,0
DA:22,0
DA:23,0
DA:24,0
DA:27,0
DA:34,0
DA:36,0
DA:42,5
DA:43,0
DA:45,0
DA:46,0
DA:47,0
DA:51,0
DA:52,0
DA:53,0
DA:56,0
DA:62,0
DA:68,5
DA:69,0
DA:71,0
DA:72,0
DA:73,0
DA:77,0
DA:78,0
DA:79,0
DA:82,0
DA:84,0
DA:87,5
LF:34
LH:7
BRDA:22,0,0,0
BRDA:22,0,1,0
BRDA:45,1,0,0
BRDA:45,1,1,0
BRDA:51,2,0,0
BRDA:51,2,1,0
BRDA:71,3,0,0
BRDA:71,3,1,0
BRDA:77,4,0,0
BRDA:77,4,1,0
BRF:10
BRH:0
end_of_record
TN:
SF:server\controllers\recipeController.js
FN:7,(anonymous_0)
FN:24,(anonymous_1)
FN:53,(anonymous_2)
FN:75,(anonymous_3)
FN:105,(anonymous_4)
FNF:5
FNH:0
FNDA:0,(anonymous_0)
FNDA:0,(anonymous_1)
FNDA:0,(anonymous_2)
FNDA:0,(anonymous_3)
FNDA:0,(anonymous_4)
DA:3,5
DA:4,5
DA:7,5
DA:8,0
DA:10,0
DA:12,0
DA:14,0
DA:17,0
DA:24,5
DA:27,0
DA:31,0
DA:32,0
DA:36,0
DA:38,0
DA:42,0
DA:45,0
DA:47,0
DA:53,5
DA:54,0
DA:56,0
DA:57,0
DA:58,0
DA:61,0
DA:69,0
DA:75,5
DA:76,0
DA:78,0
DA:79,0
DA:80,0
DA:84,0
DA:85,0
DA:86,0
DA:90,0
DA:99,0
DA:105,5
DA:106,0
DA:108,0
DA:109,0
DA:110,0
DA:114,0
DA:115,0
DA:116,0
DA:120,0
DA:122,0
DA:125,5
LF:45
LH:8
BRDA:8,0,0,0
BRDA:8,0,1,0
BRDA:8,0,2,0
BRDA:8,0,3,0
BRDA:8,0,4,0
BRDA:31,1,0,0
BRDA:31,1,1,0
BRDA:31,2,0,0
BRDA:31,2,1,0
BRDA:36,3,0,0
BRDA:36,3,1,0
BRDA:56,4,0,0
BRDA:56,4,1,0
BRDA:56,5,0,0
BRDA:56,5,1,0
BRDA:56,5,2,0
BRDA:56,5,3,0
BRDA:78,6,0,0
BRDA:78,6,1,0
BRDA:84,7,0,0
BRDA:84,7,1,0
BRDA:108,8,0,0
BRDA:108,8,1,0
BRDA:114,9,0,0
BRDA:114,9,1,0
BRF:25
BRH:0
end_of_record
TN:
SF:server\controllers\userController.js
FN:8,(anonymous_0)
FN:18,(anonymous_1)
FN:59,(anonymous_2)
FNF:3
FNH:2
FNDA:0,(anonymous_0)
FNDA:5,(anonymous_1)
FNDA:2,(anonymous_2)
DA:3,5
DA:4,5
DA:5,5
DA:8,5
DA:10,0
DA:18,5
DA:19,5
DA:22,5
DA:23,1
DA:24,1
DA:28,4
DA:29,0
DA:30,0
DA:31,0
DA:35,0
DA:41,0
DA:43,0
DA:50,0
DA:51,0
DA:59,5
DA:60,2
DA:63,2
DA:64,0
DA:65,0
DA:69,2
DA:72,0
DA:73,0
DA:80,0
DA:81,0
DA:86,5
LF:30
LH:15
BRDA:22,0,0,1
BRDA:22,0,1,4
BRDA:22,1,0,5
BRDA:22,1,1,5
BRDA:22,1,2,5
BRDA:29,2,0,0
BRDA:29,2,1,0
BRDA:41,3,0,0
BRDA:41,3,1,0
BRDA:63,4,0,0
BRDA:63,4,1,2
BRDA:63,5,0,2
BRDA:63,5,1,2
BRDA:72,6,0,0
BRDA:72,6,1,0
BRDA:72,7,0,0
BRDA:72,7,1,0
BRF:17
BRH:8
end_of_record
